Using pre-set license
Built from '2022.3/staging' branch; Version is '2022.3.8f1 (b5eafc012955) revision 11922172'; Using compiler version '192829333'; Build Type 'Release'
OS: 'Windows 11  (10.0.22631) 64bit Professional' Language: 'en' Physical Memory: 32487 MB
BatchMode: 1, IsHumanControllingUs: 0, StartBugReporterOnCrash: 0, Is64bit: 1, IsPro: 1

COMMAND LINE ARGUMENTS:
D:\ForUnityStuff\2022.3.8f1\Editor\Unity.exe
-adb2
-batchMode
-noUpm
-name
AssetImportWorker1
-projectPath
D:/ForUnityStuff/Planet-8-repo/Planet RPG
-logFile
Logs/AssetImportWorker1.log
-srvPort
54421
Successfully changed project path to: D:/ForUnityStuff/Planet-8-repo/Planet RPG
D:/ForUnityStuff/Planet-8-repo/Planet RPG
[UnityMemory] Configuration Parameters - Can be set up in boot.config
    "memorysetup-bucket-allocator-granularity=16"
    "memorysetup-bucket-allocator-bucket-count=8"
    "memorysetup-bucket-allocator-block-size=33554432"
    "memorysetup-bucket-allocator-block-count=8"
    "memorysetup-main-allocator-block-size=16777216"
    "memorysetup-thread-allocator-block-size=16777216"
    "memorysetup-gfx-main-allocator-block-size=16777216"
    "memorysetup-gfx-thread-allocator-block-size=16777216"
    "memorysetup-cache-allocator-block-size=4194304"
    "memorysetup-typetree-allocator-block-size=2097152"
    "memorysetup-profiler-bucket-allocator-granularity=16"
    "memorysetup-profiler-bucket-allocator-bucket-count=8"
    "memorysetup-profiler-bucket-allocator-block-size=33554432"
    "memorysetup-profiler-bucket-allocator-block-count=8"
    "memorysetup-profiler-allocator-block-size=16777216"
    "memorysetup-profiler-editor-allocator-block-size=1048576"
    "memorysetup-temp-allocator-size-main=16777216"
    "memorysetup-job-temp-allocator-block-size=2097152"
    "memorysetup-job-temp-allocator-block-size-background=1048576"
    "memorysetup-job-temp-allocator-reduction-small-platforms=262144"
    "memorysetup-allocator-temp-initial-block-size-main=262144"
    "memorysetup-allocator-temp-initial-block-size-worker=262144"
    "memorysetup-temp-allocator-size-background-worker=32768"
    "memorysetup-temp-allocator-size-job-worker=262144"
    "memorysetup-temp-allocator-size-preload-manager=33554432"
    "memorysetup-temp-allocator-size-nav-mesh-worker=65536"
    "memorysetup-temp-allocator-size-audio-worker=65536"
    "memorysetup-temp-allocator-size-cloud-worker=32768"
    "memorysetup-temp-allocator-size-gi-baking-worker=262144"
    "memorysetup-temp-allocator-size-gfx=262144"
Player connection [30988] Host "[IP] 192.168.0.172 [Port] 0 [Flags] 2 [Guid] 2850183353 [EditorId] 2850183353 [Version] 1048832 [Id] WindowsEditor(7,Curtis_PC) [Debug] 1 [PackageName] WindowsEditor [ProjectName] Editor" joined multi-casting on [225.0.0.222:54997]...

Player connection [30988] Host "[IP] 192.168.0.172 [Port] 0 [Flags] 2 [Guid] 2850183353 [EditorId] 2850183353 [Version] 1048832 [Id] WindowsEditor(7,Curtis_PC) [Debug] 1 [PackageName] WindowsEditor [ProjectName] Editor" joined alternative multi-casting on [225.0.0.222:34997]...

[Physics::Module] Initialized MultithreadedJobDispatcher with 19 workers.
Refreshing native plugins compatible for Editor in 4.54 ms, found 4 plugins.
Preloading 0 native plugins for Editor in 0.00 ms.
Initialize engine version: 2022.3.8f1 (b5eafc012955)
[Subsystems] Discovering subsystems at path D:/ForUnityStuff/2022.3.8f1/Editor/Data/Resources/UnitySubsystems
[Subsystems] Discovering subsystems at path D:/ForUnityStuff/Planet-8-repo/Planet RPG/Assets
GfxDevice: creating device client; threaded=0; jobified=0
Direct3D:
    Version:  Direct3D 11.0 [level 11.1]
    Renderer: NVIDIA GeForce RTX 3060 (ID=0x2504)
    Vendor:   NVIDIA
    VRAM:     12115 MB
    Driver:   32.0.15.6614
Initialize mono
Mono path[0] = 'D:/ForUnityStuff/2022.3.8f1/Editor/Data/Managed'
Mono path[1] = 'D:/ForUnityStuff/2022.3.8f1/Editor/Data/MonoBleedingEdge/lib/mono/unityjit-win32'
Mono config path = 'D:/ForUnityStuff/2022.3.8f1/Editor/Data/MonoBleedingEdge/etc'
Using monoOptions --debugger-agent=transport=dt_socket,embedding=1,server=y,suspend=n,address=127.0.0.1:56308
Begin MonoManager ReloadAssembly
Registering precompiled unity dll's ...
Register platform support module: D:/ForUnityStuff/2022.3.8f1/Editor/Data/PlaybackEngines/WebGLSupport/UnityEditor.WebGL.Extensions.dll
Register platform support module: D:/ForUnityStuff/2022.3.8f1/Editor/Data/PlaybackEngines/WindowsStandaloneSupport/UnityEditor.WindowsStandalone.Extensions.dll
Registered in 0.002418 seconds.
- Loaded All Assemblies, in  0.264 seconds
Native extension for WindowsStandalone target not found
Native extension for WebGL target not found
Mono: successfully reloaded assembly
- Finished resetting the current domain, in  0.187 seconds
Domain Reload Profiling: 451ms
	BeginReloadAssembly (79ms)
		ExecutionOrderSort (0ms)
		DisableScriptedObjects (0ms)
		BackupInstance (0ms)
		ReleaseScriptingObjects (0ms)
		CreateAndSetChildDomain (1ms)
	RebuildCommonClasses (24ms)
	RebuildNativeTypeToScriptingClass (8ms)
	initialDomainReloadingComplete (36ms)
	LoadAllAssembliesAndSetupDomain (117ms)
		LoadAssemblies (78ms)
		RebuildTransferFunctionScriptingTraits (0ms)
		AnalyzeDomain (116ms)
			TypeCache.Refresh (115ms)
				TypeCache.ScanAssembly (104ms)
			ScanForSourceGeneratedMonoScriptInfo (0ms)
			ResolveRequiredComponents (0ms)
	FinalizeReload (187ms)
		ReleaseScriptCaches (0ms)
		RebuildScriptCaches (0ms)
		SetupLoadedEditorAssemblies (144ms)
			LogAssemblyErrors (0ms)
			InitializePlatformSupportModulesInManaged (6ms)
			SetLoadedEditorAssemblies (4ms)
			RefreshPlugins (0ms)
			BeforeProcessingInitializeOnLoad (2ms)
			ProcessInitializeOnLoadAttributes (95ms)
			ProcessInitializeOnLoadMethodAttributes (38ms)
			AfterProcessingInitializeOnLoad (0ms)
			EditorAssembliesLoaded (0ms)
		ExecutionOrderSort2 (0ms)
		AwakeInstancesAfterBackupRestoration (0ms)
========================================================================
Worker process is ready to serve import requests
Begin MonoManager ReloadAssembly
- Loaded All Assemblies, in  0.508 seconds
Refreshing native plugins compatible for Editor in 2.03 ms, found 4 plugins.
Native extension for WindowsStandalone target not found
Native extension for WebGL target not found
Package Manager log level set to [2]
[Package Manager] Server::EnsureServerProcessIsRunning -- launch failed, reason: Unity was launched with the -noUpm command-line argument
[Package Manager] UpmClient::Send -- Unable to send message (not connected to UPM process).
[Package Manager] Cannot connect to Unity Package Manager local server
Mono: successfully reloaded assembly
- Finished resetting the current domain, in  0.591 seconds
Domain Reload Profiling: 1099ms
	BeginReloadAssembly (128ms)
		ExecutionOrderSort (0ms)
		DisableScriptedObjects (5ms)
		BackupInstance (0ms)
		ReleaseScriptingObjects (0ms)
		CreateAndSetChildDomain (17ms)
	RebuildCommonClasses (22ms)
	RebuildNativeTypeToScriptingClass (9ms)
	initialDomainReloadingComplete (36ms)
	LoadAllAssembliesAndSetupDomain (312ms)
		LoadAssemblies (247ms)
		RebuildTransferFunctionScriptingTraits (0ms)
		AnalyzeDomain (138ms)
			TypeCache.Refresh (112ms)
				TypeCache.ScanAssembly (100ms)
			ScanForSourceGeneratedMonoScriptInfo (19ms)
			ResolveRequiredComponents (6ms)
	FinalizeReload (592ms)
		ReleaseScriptCaches (0ms)
		RebuildScriptCaches (0ms)
		SetupLoadedEditorAssemblies (464ms)
			LogAssemblyErrors (0ms)
			InitializePlatformSupportModulesInManaged (5ms)
			SetLoadedEditorAssemblies (3ms)
			RefreshPlugins (0ms)
			BeforeProcessingInitializeOnLoad (46ms)
			ProcessInitializeOnLoadAttributes (376ms)
			ProcessInitializeOnLoadMethodAttributes (32ms)
			AfterProcessingInitializeOnLoad (1ms)
			EditorAssembliesLoaded (0ms)
		ExecutionOrderSort2 (0ms)
		AwakeInstancesAfterBackupRestoration (5ms)
Launched and connected shader compiler UnityShaderCompiler.exe after 0.04 seconds
Refreshing native plugins compatible for Editor in 2.62 ms, found 4 plugins.
Preloading 0 native plugins for Editor in 0.00 ms.
Unloading 4156 Unused Serialized files (Serialized files now loaded: 0)
Unloading 68 unused Assets / (214.0 KB). Loaded Objects now: 4627.
Memory consumption went from 217.5 MB to 217.3 MB.
Total: 4.519000 ms (FindLiveObjects: 0.306900 ms CreateObjectMapping: 0.258900 ms MarkObjects: 3.713600 ms  DeleteObjects: 0.237700 ms)

AssetImportParameters requested are different than current active one (requested -> active):
  custom:container-demuxer-ogg: 62fdf1f143b41e24485cea50d1cbac27 -> 
  custom:video-codec-MediaFoundation-h265: 746d11721c4dcdbdad8f713fa42b33f4 -> 
  custom:video-decoder-ogg-theora: a1e56fd34408186e4bbccfd4996cb3dc -> 
  custom:framework-win-MediaFoundation: 216162199b28c13a410421893ffa2e32 -> 
  custom:CustomObjectIndexerAttribute: 756ad292c208cfabdd7b50bc23989ffe -> 
  custom:container-demuxer-webm: 4f35f7cbe854078d1ac9338744f61a02 -> 
  custom:container-muxer-webm: aa71ff27fc2769a1b78a27578f13a17b -> 
  custom:video-decoder-webm-vp8: 9c59270c3fd7afecdb556c50c9e8de78 -> 
  custom:SearchIndexIgnoredProperties: e643bd26f0fe6173181afceb89e7c659 -> 
  custom:AudioImporter_EditorPlatform: d09bf68614088b80899f8185d706f6e7 -> 
  custom:video-encoder-webm-vp8: eb34c28f22e8b96e1ab97ce403110664 -> 
  custom:audio-decoder-ogg-vorbis: bf7c407c2cedff20999df2af8eb42d56 -> 
  custom:audio-encoder-webm-vorbis: bf7c407c2cedff20999df2af8eb42d56 -> 
========================================================================
Received Import Request.
  Time since last request: 15665.063547 seconds.
  path: Assets/Sprites/Outposts/1OutpostLegSprite_strip12.png
  artifactKey: Guid(800eb8c630c594b48a4a6e10ea7f19e4) Importer(815301076,1909f56bfc062723c751e8b465ee728b)
Start importing Assets/Sprites/Outposts/1OutpostLegSprite_strip12.png using Guid(800eb8c630c594b48a4a6e10ea7f19e4) Importer(815301076,1909f56bfc062723c751e8b465ee728b)  -> (artifact id: '02368967ccae297c66cffdc398b57399') in 0.097950 seconds
Number of updated asset objects reloaded before import = 0
Number of asset objects unloaded after import = 14
========================================================================
Received Import Request.
  Time since last request: 0.000020 seconds.
  path: Assets/Sprites/ShipBuildingParts/npcs/1CargoThrusterSprite_strip2.png
  artifactKey: Guid(29856730e2ff09e4b944d4f6da72a666) Importer(815301076,1909f56bfc062723c751e8b465ee728b)
Start importing Assets/Sprites/ShipBuildingParts/npcs/1CargoThrusterSprite_strip2.png using Guid(29856730e2ff09e4b944d4f6da72a666) Importer(815301076,1909f56bfc062723c751e8b465ee728b)  -> (artifact id: 'd3b273c8c046978d63446f2b7a04a3b3') in 0.031599 seconds
Number of updated asset objects reloaded before import = 0
Number of asset objects unloaded after import = 4
========================================================================
Received Import Request.
  Time since last request: 0.735134 seconds.
  path: Assets/MiningBeamTexture.mat
  artifactKey: Guid(bd6568e108bc97d42ada3a50116fb692) Importer(815301076,1909f56bfc062723c751e8b465ee728b)
Start importing Assets/MiningBeamTexture.mat using Guid(bd6568e108bc97d42ada3a50116fb692) Importer(815301076,1909f56bfc062723c751e8b465ee728b)  -> (artifact id: '3a6add608b8ed4be8bbcb1da3f045eba') in 0.034390 seconds
Number of updated asset objects reloaded before import = 0
Number of asset objects unloaded after import = 2
========================================================================
Received Import Request.
  Time since last request: 0.000020 seconds.
  path: Assets/Scan.mat
  artifactKey: Guid(82d8a25870aa22a4aa622b105629c78b) Importer(815301076,1909f56bfc062723c751e8b465ee728b)
Start importing Assets/Scan.mat using Guid(82d8a25870aa22a4aa622b105629c78b) Importer(815301076,1909f56bfc062723c751e8b465ee728b)  -> (artifact id: 'bc7d253fb538136a1be2ecc675c74559') in 0.014754 seconds
Number of updated asset objects reloaded before import = 0
Number of asset objects unloaded after import = 2
========================================================================
Received Import Request.
  Time since last request: 2.887653 seconds.
  path: Assets/Sprites/2SecondaryWeaponBGsprite 2.png
  artifactKey: Guid(9bd6e90367e0f364ebd5595c4531d8b0) Importer(815301076,1909f56bfc062723c751e8b465ee728b)
Start importing Assets/Sprites/2SecondaryWeaponBGsprite 2.png using Guid(9bd6e90367e0f364ebd5595c4531d8b0) Importer(815301076,1909f56bfc062723c751e8b465ee728b)  -> (artifact id: 'db3beed5cf0095138398b026a865ab5b') in 0.019120 seconds
Number of updated asset objects reloaded before import = 0
Number of asset objects unloaded after import = 3
========================================================================
Received Import Request.
  Time since last request: 0.000031 seconds.
  path: Assets/Sprites/IronOreSprite.png
  artifactKey: Guid(396c16e36cb9d6441b013cc00e05fa75) Importer(815301076,1909f56bfc062723c751e8b465ee728b)
Start importing Assets/Sprites/IronOreSprite.png using Guid(396c16e36cb9d6441b013cc00e05fa75) Importer(815301076,1909f56bfc062723c751e8b465ee728b)  -> (artifact id: '7aff49a0380144f709aca66ff0e3bde7') in 0.028112 seconds
Number of updated asset objects reloaded before import = 0
Number of asset objects unloaded after import = 3
========================================================================
Received Import Request.
  Time since last request: 0.000014 seconds.
  path: Assets/Sprites/GoldOreScanSprite.png
  artifactKey: Guid(55c8de47d39d3264186126ad4dddff09) Importer(815301076,1909f56bfc062723c751e8b465ee728b)
Start importing Assets/Sprites/GoldOreScanSprite.png using Guid(55c8de47d39d3264186126ad4dddff09) Importer(815301076,1909f56bfc062723c751e8b465ee728b)  -> (artifact id: '559cc99b2863b4f2c54f1b5c2af82fd6') in 0.012417 seconds
Number of updated asset objects reloaded before import = 0
Number of asset objects unloaded after import = 3
========================================================================
Received Import Request.
  Time since last request: 0.000015 seconds.
  path: Assets/Sprites/4PlanetMapSprite.png
  artifactKey: Guid(47e8707293c38a64d940d1c20a7b96f2) Importer(815301076,1909f56bfc062723c751e8b465ee728b)
Start importing Assets/Sprites/4PlanetMapSprite.png using Guid(47e8707293c38a64d940d1c20a7b96f2) Importer(815301076,1909f56bfc062723c751e8b465ee728b)  -> (artifact id: '01701260f0d57467f5e44c84f4a04e33') in 0.012673 seconds
Number of updated asset objects reloaded before import = 0
Number of asset objects unloaded after import = 3
========================================================================
Received Import Request.
  Time since last request: 0.000018 seconds.
  path: Assets/Sprites/LaserBeamIconSprite.png
  artifactKey: Guid(9a5441734c22dc546af7b98bad824188) Importer(815301076,1909f56bfc062723c751e8b465ee728b)
Start importing Assets/Sprites/LaserBeamIconSprite.png using Guid(9a5441734c22dc546af7b98bad824188) Importer(815301076,1909f56bfc062723c751e8b465ee728b)  -> (artifact id: '193eaf69bd959c6c415ceb408bbc18a7') in 0.035502 seconds
Number of updated asset objects reloaded before import = 0
Number of asset objects unloaded after import = 3
========================================================================
Received Import Request.
  Time since last request: 0.137280 seconds.
  path: Assets/Sprites/Lvl2SingleGunnerSprite.png
  artifactKey: Guid(497824934f46f0a40a1448113fbea59f) Importer(815301076,1909f56bfc062723c751e8b465ee728b)
Start importing Assets/Sprites/Lvl2SingleGunnerSprite.png using Guid(497824934f46f0a40a1448113fbea59f) Importer(815301076,1909f56bfc062723c751e8b465ee728b)  -> (artifact id: '3afb574b2656cb7d4ba3fc07c73f6865') in 0.065111 seconds
Number of updated asset objects reloaded before import = 0
Number of asset objects unloaded after import = 3
========================================================================
Received Import Request.
  Time since last request: 0.000016 seconds.
  path: Assets/Sprites/MapBGTexture.png
  artifactKey: Guid(f4d63564042993b488f96400c1384b60) Importer(815301076,1909f56bfc062723c751e8b465ee728b)
Start importing Assets/Sprites/MapBGTexture.png using Guid(f4d63564042993b488f96400c1384b60) Importer(815301076,1909f56bfc062723c751e8b465ee728b)  -> (artifact id: '6dfa7e4cddbe65813dbb136cb519ba68') in 0.012955 seconds
Number of updated asset objects reloaded before import = 0
Number of asset objects unloaded after import = 3
========================================================================
Received Import Request.
  Time since last request: 0.000015 seconds.
  path: Assets/Sprites/Lvl3LaserbeamerSprite.png
  artifactKey: Guid(539472e3a0e98124881e2ea832691dc2) Importer(815301076,1909f56bfc062723c751e8b465ee728b)
Start importing Assets/Sprites/Lvl3LaserbeamerSprite.png using Guid(539472e3a0e98124881e2ea832691dc2) Importer(815301076,1909f56bfc062723c751e8b465ee728b)  -> (artifact id: '6a6cd5da4c57a23c7bb76c7059d09250') in 0.014511 seconds
Number of updated asset objects reloaded before import = 0
Number of asset objects unloaded after import = 3
========================================================================
Received Import Request.
  Time since last request: 0.000022 seconds.
  path: Assets/Sprites/MenuPartBGsprite.png
  artifactKey: Guid(fdf0ffa2933c55f41939d832dea61557) Importer(815301076,1909f56bfc062723c751e8b465ee728b)
Start importing Assets/Sprites/MenuPartBGsprite.png using Guid(fdf0ffa2933c55f41939d832dea61557) Importer(815301076,1909f56bfc062723c751e8b465ee728b)  -> (artifact id: 'a1bb148c66f622d380fe8a32d75ca154') in 0.112292 seconds
Number of updated asset objects reloaded before import = 0
Number of asset objects unloaded after import = 3
========================================================================
Received Import Request.
  Time since last request: 0.000017 seconds.
  path: Assets/Sprites/MoneyBGSprite 1.png
  artifactKey: Guid(9e51372c82f4ed24fb791a8bf7376de9) Importer(815301076,1909f56bfc062723c751e8b465ee728b)
Start importing Assets/Sprites/MoneyBGSprite 1.png using Guid(9e51372c82f4ed24fb791a8bf7376de9) Importer(815301076,1909f56bfc062723c751e8b465ee728b)  -> (artifact id: 'f2e931469ece4a3079391988ab2b2756') in 0.118884 seconds
Number of updated asset objects reloaded before import = 0
Number of asset objects unloaded after import = 3
========================================================================
Received Import Request.
  Time since last request: 0.000014 seconds.
  path: Assets/Sprites/RepairButtonSprite 1.png
  artifactKey: Guid(027e90ff54fcdf643b10bb3ed4951e69) Importer(815301076,1909f56bfc062723c751e8b465ee728b)
Start importing Assets/Sprites/RepairButtonSprite 1.png using Guid(027e90ff54fcdf643b10bb3ed4951e69) Importer(815301076,1909f56bfc062723c751e8b465ee728b)  -> (artifact id: 'fdf7a9b0581f500f1d7ce50a75182a36') in 0.013386 seconds
Number of updated asset objects reloaded before import = 0
Number of asset objects unloaded after import = 3
========================================================================
Received Import Request.
  Time since last request: 0.000018 seconds.
  path: Assets/Sprites/TargetIndicatorSprite 1.png
  artifactKey: Guid(198b7a7e045f42a44868f69951e05c58) Importer(815301076,1909f56bfc062723c751e8b465ee728b)
Start importing Assets/Sprites/TargetIndicatorSprite 1.png using Guid(198b7a7e045f42a44868f69951e05c58) Importer(815301076,1909f56bfc062723c751e8b465ee728b)  -> (artifact id: '6d2315f50ea4556f3895f8807ec477cd') in 0.090406 seconds
Number of updated asset objects reloaded before import = 0
Number of asset objects unloaded after import = 3
========================================================================
Received Import Request.
  Time since last request: 0.000036 seconds.
  path: Assets/Sprites/Lvl3SingleGunnerSprite.png
  artifactKey: Guid(1d27a6848929bfa4281ea91c9ebc6e39) Importer(815301076,1909f56bfc062723c751e8b465ee728b)
Start importing Assets/Sprites/Lvl3SingleGunnerSprite.png using Guid(1d27a6848929bfa4281ea91c9ebc6e39) Importer(815301076,1909f56bfc062723c751e8b465ee728b)  -> (artifact id: '788eb40cbd32ff32c0e117c7c74de28c') in 0.014459 seconds
Number of updated asset objects reloaded before import = 0
Number of asset objects unloaded after import = 3
========================================================================
Received Import Request.
  Time since last request: 0.000012 seconds.
  path: Assets/Sprites/PlayButtonOn3Sprite.png
  artifactKey: Guid(4f5d01292cffba64da97059047cd61e5) Importer(815301076,1909f56bfc062723c751e8b465ee728b)
Start importing Assets/Sprites/PlayButtonOn3Sprite.png using Guid(4f5d01292cffba64da97059047cd61e5) Importer(815301076,1909f56bfc062723c751e8b465ee728b)  -> (artifact id: '6c1bef7cdcab82b47d872a2572812b3a') in 0.015490 seconds
Number of updated asset objects reloaded before import = 0
Number of asset objects unloaded after import = 3
========================================================================
Received Import Request.
  Time since last request: 0.000054 seconds.
  path: Assets/Sprites/SingleGunnerPirateShipSprite_strip2.png
  artifactKey: Guid(dd0d70c495b8bc547b68b6713bd6d9c6) Importer(815301076,1909f56bfc062723c751e8b465ee728b)
Start importing Assets/Sprites/SingleGunnerPirateShipSprite_strip2.png using Guid(dd0d70c495b8bc547b68b6713bd6d9c6) Importer(815301076,1909f56bfc062723c751e8b465ee728b)  -> (artifact id: 'da8916b892bc435641bc775bf1408aed') in 0.035237 seconds
Number of updated asset objects reloaded before import = 0
Number of asset objects unloaded after import = 4
========================================================================
Received Import Request.
  Time since last request: 0.000013 seconds.
  path: Assets/Sprites/PlayButtonOn2Sprite.png
  artifactKey: Guid(3cc3e73ab23ffc9459b6177d01ab3fad) Importer(815301076,1909f56bfc062723c751e8b465ee728b)
Start importing Assets/Sprites/PlayButtonOn2Sprite.png using Guid(3cc3e73ab23ffc9459b6177d01ab3fad) Importer(815301076,1909f56bfc062723c751e8b465ee728b)  -> (artifact id: '5392e00ccdc185bacac62b3f33c3e106') in 0.014007 seconds
Number of updated asset objects reloaded before import = 0
Number of asset objects unloaded after import = 3
Editor requested this worker to shutdown with reason: Scaling down because of idle timeout
TcpMessagingSession - receive error: operation aborted. errorcode: 995, details: The I/O operation has been aborted because of either a thread exit or an application request.
AssetImportWorker is now disconnected from the server
Process exiting
Exiting without the bug reporter. Application will terminate with return code 0